<?xml version="1.0" encoding="UTF-8"?>
<!-- Generated by org.testng.reporters.JUnitReportReporter -->
<testsuite hostname="DESKTOP-2VH7RQS" failures="0" tests="2" name="testLayer.Ecommerce_TC_1" time="31.780" errors="0" timestamp="2023-08-09T16:02:45 IST" skipped="0">
  <testcase classname="testLayer.Ecommerce_TC_1" name="FillFormWithInvalidData" time="26.113"/>
  <system-out/>
  <testcase classname="testLayer.Ecommerce_TC_1" name="FillFormWithValidData" time="5.667"/>
  <system-out/>
</testsuite> <!-- testLayer.Ecommerce_TC_1 -->
