<?xml version="1.0" encoding="UTF-8"?>
<!-- Generated by org.testng.reporters.JUnitReportReporter -->
<testsuite hostname="DESKTOP-2VH7RQS" failures="0" tests="1" name="testLayer.BaseTest" time="0.009" errors="0" timestamp="2023-05-12T00:51:50 IST" skipped="0">
  <testcase classname="testLayer.BaseTest" name="Sample" time="0.009"/>
  <system-out/>
</testsuite> <!-- testLayer.BaseTest -->
