<?xml version="1.0" encoding="UTF-8"?>
<!-- Generated by org.testng.reporters.JUnitReportReporter -->
<testsuite hostname="DESKTOP-2VH7RQS" failures="0" tests="1" name="testLayer.AppiumBasics" time="22.911" errors="0" timestamp="2023-08-08T17:13:03 IST" skipped="0">
  <testcase classname="testLayer.AppiumBasics" name="AppiumTest" time="22.911"/>
  <system-out/>
</testsuite> <!-- testLayer.AppiumBasics -->
