<?xml version="1.0" encoding="UTF-8"?>
<!-- Generated by org.testng.reporters.JUnitReportReporter -->
<testsuite hostname="DESKTOP-2VH7RQS" failures="0" tests="2" name="testLayer.Ecommerce_TC_1" time="34.837" errors="0" timestamp="2023-08-09T16:45:32 IST" skipped="0">
  <testcase classname="testLayer.Ecommerce_TC_1" name="FillFormWithInvalidData" time="29.262"/>
  <system-out/>
  <testcase classname="testLayer.Ecommerce_TC_1" name="FillFormWithValidData" time="5.575"/>
  <system-out/>
</testsuite> <!-- testLayer.Ecommerce_TC_1 -->
